<?xml version="1.0" encoding="UTF-8"?>
<testsuite name="Cucumber" time="106.051" tests="26" skipped="0" failures="2" errors="0">
<testcase classname="Login" name="01 Login with out E-mail and password" time="2.694">
<system-out><![CDATA[
Given Website loaded........................................................passed
When Submit login...........................................................passed
Then Mandatory email and password messages..................................passed
]]></system-out>
</testcase>
<testcase classname="Login" name="02 Login with invalid E-mail and password" time="2.407">
<system-out><![CDATA[
Given Website loaded........................................................passed
When Report invalid data....................................................passed
And Submit login............................................................passed
Then Invalid email and password message.....................................passed
]]></system-out>
</testcase>
<testcase classname="Login" name="03 Create an account with out data" time="2.786">
<system-out><![CDATA[
Given Website loaded........................................................passed
When Registering a new profile..............................................passed
And Send registration.......................................................passed
Then Mandatory message......................................................passed
]]></system-out>
</testcase>
<testcase classname="Login" name="04 Create an account" time="2.979">
<system-out><![CDATA[
Given Website loaded........................................................passed
When Registering a new profile..............................................passed
And Fill in valid data......................................................passed
When Send registration......................................................passed
Then Successful registration message........................................passed
]]></system-out>
</testcase>
<testcase classname="Login" name="05 Create an account that already exists" time="7.696">
<system-out><![CDATA[
Given Website loaded........................................................passed
When Registering a new profile..............................................passed
And Fill in data that already exists........................................passed
When Send registration......................................................passed
Then Message this account already exists....................................passed
]]></system-out>
</testcase>
<testcase classname="Login" name="06 Create an administrator account" time="3.418">
<system-out><![CDATA[
Given Website loaded........................................................passed
When Registering a new profile..............................................passed
And Filling an administrator profile........................................passed
When Send registration......................................................passed
Then Successful registration message........................................passed
]]></system-out>
</testcase>
<testcase classname="Administrator Account" name="01 Tab home" time="3.672">
<system-out><![CDATA[
Given I am logged in as administrator.......................................passed
Given Be at Home tab........................................................passed
Then Page must load correctly...............................................passed
]]></system-out>
</testcase>
<testcase classname="Administrator Account" name="02 Create an account with out data" time="2.081">
<system-out><![CDATA[
Given I am logged in as administrator.......................................passed
Given Be at Cadastrar Usuários tab..........................................passed
When Do the registration....................................................passed
Then Message alert register on Register Users...............................passed
]]></system-out>
</testcase>
<testcase classname="Administrator Account" name="03 Create a regular account" time="4.397">
<system-out><![CDATA[
Given I am logged in as administrator.......................................passed
Given Be at Cadastrar Usuários tab..........................................passed
When Complete Regular registration..........................................passed
And Do the registration.....................................................passed
Then Regular registration must be on the list...............................passed
]]></system-out>
</testcase>
<testcase classname="Administrator Account" name="04 Create an account that already exists" time="5.858">
<system-out><![CDATA[
Given I am logged in as administrator.......................................passed
Given Be at Cadastrar Usuários tab..........................................passed
When Complete Regular registration..........................................passed
And Do the registration.....................................................passed
And Regular registration must be on the list................................passed
When Be at Cadastrar Usuários tab...........................................passed
And Complete registration already exists....................................passed
And Do the registration.....................................................passed
Then Message stating that this account already exists on Register Users.....passed
]]></system-out>
</testcase>
<testcase classname="Administrator Account" name="05 Create an administrator account" time="4.442">
<system-out><![CDATA[
Given I am logged in as administrator.......................................passed
Given Be at Cadastrar Usuários tab..........................................passed
When Complete Administrator registration....................................passed
And Do the registration.....................................................passed
Then Administrator registration must be on the list.........................passed
]]></system-out>
</testcase>
<testcase classname="Administrator Account" name="06 Edit an account" time="4.702">
<system-out><![CDATA[
Given I am logged in as administrator.......................................passed
Given Be at Cadastrar Usuários tab..........................................passed
When Complete Regular registration..........................................passed
And Do the registration.....................................................passed
And Regular registration must be on the list................................passed
When Edit account...........................................................passed
Then Account must be edited.................................................passed
]]></system-out>
</testcase>
<testcase classname="Administrator Account" name="07 Delete an account" time="5.034">
<system-out><![CDATA[
Given I am logged in as administrator.......................................passed
Given Be at Cadastrar Usuários tab..........................................passed
When Complete Regular registration..........................................passed
And Do the registration.....................................................passed
And Regular registration must be on the list................................passed
When Dekete account.........................................................passed
Then Account must be deleted................................................passed
]]></system-out>
</testcase>
<testcase classname="Administrator Account" name="08 Create a product with no date" time="2.027">
<system-out><![CDATA[
Given I am logged in as administrator.......................................passed
Given Be at Cadastrar Produtos tab..........................................passed
When Click button register..................................................passed
Then Alert message should appear............................................passed
]]></system-out>
</testcase>
<testcase classname="Administrator Account" name="09 Register a product with a zero price" time="2.332">
<system-out><![CDATA[
Given I am logged in as administrator.......................................passed
Given Be at Cadastrar Produtos tab..........................................passed
When Fill product information with zero price...............................passed
And Click button register...................................................passed
Then Message price must be positive should be visible.......................passed
]]></system-out>
</testcase>
<testcase classname="Administrator Account" name="10 Register a product with a negative quantity" time="2.395">
<system-out><![CDATA[
Given I am logged in as administrator.......................................passed
Given Be at Cadastrar Produtos tab..........................................passed
When Fill product information with negative quantity........................passed
And Click button register...................................................passed
Then Message quantity must be more or equal than zero should be visible.....passed
]]></system-out>
</testcase>
<testcase classname="Administrator Account" name="11 Register a product" time="3.823">
<system-out><![CDATA[
Given I am logged in as administrator.......................................passed
Given Be at Cadastrar Produtos tab..........................................passed
When Fill in product information............................................passed
And Click button register...................................................passed
Then Product must be on the list............................................passed
]]></system-out>
</testcase>
<testcase classname="Administrator Account" name="12 Register a product with no quantity" time="13.25">
<failure type="org.openqa.selenium.TimeoutException" message="Expected condition failed: waiting for visibility of element located by By.xpath: //h1[contains(.,'Lista dos Produtos')] (tried for 10 second(s) with 500 milliseconds interval)
Build info: version: '4.22.0', revision: 'c5f3146703*'
System info: os.name: 'Windows 10', os.arch: 'amd64', os.version: '10.0', java.version: '17.0.8.1'
Driver info: org.openqa.selenium.chrome.ChromeDriver
Capabilities {acceptInsecureCerts: false, browserName: chrome, browserVersion: 130.0.6723.70, chrome: {chromedriverVersion: 130.0.6723.58 (3a50e012e4c9..., userDataDir: C:\Users\LPMUCH~1\AppData\L...}, fedcm:accounts: true, goog:chromeOptions: {debuggerAddress: localhost:55960}, networkConnectionEnabled: false, pageLoadStrategy: normal, platformName: windows, proxy: Proxy(), se:cdp: ws://localhost:55960/devtoo..., se:cdpVersion: 130.0.6723.70, setWindowRect: true, strictFileInteractability: false, timeouts: {implicit: 0, pageLoad: 300000, script: 30000}, unhandledPromptBehavior: dismiss and notify, webauthn:extension:credBlob: true, webauthn:extension:largeBlob: true, webauthn:extension:minPinLength: true, webauthn:extension:prf: true, webauthn:virtualAuthenticators: true}
Session ID: 4dc699b92caf3dbc4b42f10d693af72a">
<![CDATA[org.openqa.selenium.TimeoutException: Expected condition failed: waiting for visibility of element located by By.xpath: //h1[contains(.,'Lista dos Produtos')] (tried for 10 second(s) with 500 milliseconds interval)
Build info: version: '4.22.0', revision: 'c5f3146703*'
System info: os.name: 'Windows 10', os.arch: 'amd64', os.version: '10.0', java.version: '17.0.8.1'
Driver info: org.openqa.selenium.chrome.ChromeDriver
Capabilities {acceptInsecureCerts: false, browserName: chrome, browserVersion: 130.0.6723.70, chrome: {chromedriverVersion: 130.0.6723.58 (3a50e012e4c9..., userDataDir: C:\Users\LPMUCH~1\AppData\L...}, fedcm:accounts: true, goog:chromeOptions: {debuggerAddress: localhost:55960}, networkConnectionEnabled: false, pageLoadStrategy: normal, platformName: windows, proxy: Proxy(), se:cdp: ws://localhost:55960/devtoo..., se:cdpVersion: 130.0.6723.70, setWindowRect: true, strictFileInteractability: false, timeouts: {implicit: 0, pageLoad: 300000, script: 30000}, unhandledPromptBehavior: dismiss and notify, webauthn:extension:credBlob: true, webauthn:extension:largeBlob: true, webauthn:extension:minPinLength: true, webauthn:extension:prf: true, webauthn:virtualAuthenticators: true}
Session ID: 4dc699b92caf3dbc4b42f10d693af72a
	at org.openqa.selenium.support.ui.WebDriverWait.timeoutException(WebDriverWait.java:84)
	at org.openqa.selenium.support.ui.FluentWait.until(FluentWait.java:228)
	at pageObject.administratorAccount_po.product_Must_Be_On_The_List(administratorAccount_po.java:314)
	at ✽.Product must be on the list(file:///C:/Users/lpmuchinski/Desktop/eclipse%20automation/src/test/resources/feature/administratorAccount.feature:106)
]]>
</failure>
<system-out><![CDATA[
Given I am logged in as administrator.......................................passed
Given Be at Cadastrar Produtos tab..........................................passed
When Fill in product no quantity............................................passed
And Click button register...................................................passed
Then Product must be on the list............................................failed
]]></system-out>
</testcase>
<testcase classname="Administrator Account" name="13 Register a product with no picture" time="3.562">
<system-out><![CDATA[
Given I am logged in as administrator.......................................passed
Given Be at Cadastrar Produtos tab..........................................passed
When Fill in product no picture.............................................passed
And Click button register...................................................passed
Then Product must be on the list............................................passed
]]></system-out>
</testcase>
<testcase classname="Administrator Account" name="14 Register a product that already exists" time="2.349">
<system-out><![CDATA[
Given I am logged in as administrator.......................................passed
Given Be at Cadastrar Produtos tab..........................................passed
When Fill in product no quantity............................................passed
And Click button register...................................................passed
Then Message that the product already exists should appear..................passed
]]></system-out>
</testcase>
<testcase classname="Administrator Account" name="15 Edit a product" time="2.255">
<system-out><![CDATA[
Given I am logged in as administrator.......................................passed
Given Be at Listar Produtos tab.............................................passed
When Find product No picture................................................passed
And Edit the item No picture................................................passed
Then Product should be edited...............................................passed
]]></system-out>
</testcase>
<testcase classname="Administrator Account" name="16 Delete a product" time="3.871">
<system-out><![CDATA[
Given I am logged in as administrator.......................................passed
Given Be at Listar Produtos tab.............................................passed
When Find product No picture................................................passed
And Delete the item No picture..............................................passed
Then Product should be deleted..............................................passed
]]></system-out>
</testcase>
<testcase classname="Regular Account" name="01 Tab Home" time="1.576">
<failure type="org.openqa.selenium.NoSuchElementException" message="no such element: Unable to locate element: {&quot;method&quot;:&quot;xpath&quot;,&quot;selector&quot;:&quot;//input[contains(@data-testid,'pesquisar')]&quot;}
  (Session info: chrome=130.0.6723.70)
For documentation on this error, please visit: https://www.selenium.dev/documentation/webdriver/troubleshooting/errors#no-such-element-exception
Build info: version: '4.22.0', revision: 'c5f3146703*'
System info: os.name: 'Windows 10', os.arch: 'amd64', os.version: '10.0', java.version: '17.0.8.1'
Driver info: org.openqa.selenium.chrome.ChromeDriver
Command: [4dc699b92caf3dbc4b42f10d693af72a, findElement {using=xpath, value=//input[contains(@data-testid,'pesquisar')]}]
Capabilities {acceptInsecureCerts: false, browserName: chrome, browserVersion: 130.0.6723.70, chrome: {chromedriverVersion: 130.0.6723.58 (3a50e012e4c9..., userDataDir: C:\Users\LPMUCH~1\AppData\L...}, fedcm:accounts: true, goog:chromeOptions: {debuggerAddress: localhost:55960}, networkConnectionEnabled: false, pageLoadStrategy: normal, platformName: windows, proxy: Proxy(), se:cdp: ws://localhost:55960/devtoo..., se:cdpVersion: 130.0.6723.70, setWindowRect: true, strictFileInteractability: false, timeouts: {implicit: 0, pageLoad: 300000, script: 30000}, unhandledPromptBehavior: dismiss and notify, webauthn:extension:credBlob: true, webauthn:extension:largeBlob: true, webauthn:extension:minPinLength: true, webauthn:extension:prf: true, webauthn:virtualAuthenticators: true}
Session ID: 4dc699b92caf3dbc4b42f10d693af72a">
<![CDATA[org.openqa.selenium.NoSuchElementException: no such element: Unable to locate element: {"method":"xpath","selector":"//input[contains(@data-testid,'pesquisar')]"}
  (Session info: chrome=130.0.6723.70)
For documentation on this error, please visit: https://www.selenium.dev/documentation/webdriver/troubleshooting/errors#no-such-element-exception
Build info: version: '4.22.0', revision: 'c5f3146703*'
System info: os.name: 'Windows 10', os.arch: 'amd64', os.version: '10.0', java.version: '17.0.8.1'
Driver info: org.openqa.selenium.chrome.ChromeDriver
Command: [4dc699b92caf3dbc4b42f10d693af72a, findElement {using=xpath, value=//input[contains(@data-testid,'pesquisar')]}]
Capabilities {acceptInsecureCerts: false, browserName: chrome, browserVersion: 130.0.6723.70, chrome: {chromedriverVersion: 130.0.6723.58 (3a50e012e4c9..., userDataDir: C:\Users\LPMUCH~1\AppData\L...}, fedcm:accounts: true, goog:chromeOptions: {debuggerAddress: localhost:55960}, networkConnectionEnabled: false, pageLoadStrategy: normal, platformName: windows, proxy: Proxy(), se:cdp: ws://localhost:55960/devtoo..., se:cdpVersion: 130.0.6723.70, setWindowRect: true, strictFileInteractability: false, timeouts: {implicit: 0, pageLoad: 300000, script: 30000}, unhandledPromptBehavior: dismiss and notify, webauthn:extension:credBlob: true, webauthn:extension:largeBlob: true, webauthn:extension:minPinLength: true, webauthn:extension:prf: true, webauthn:virtualAuthenticators: true}
Session ID: 4dc699b92caf3dbc4b42f10d693af72a
	at jdk.internal.reflect.GeneratedConstructorAccessor13.newInstance(Unknown Source)
	at java.base/jdk.internal.reflect.DelegatingConstructorAccessorImpl.newInstance(DelegatingConstructorAccessorImpl.java:45)
	at java.base/java.lang.reflect.Constructor.newInstanceWithCaller(Constructor.java:499)
	at java.base/java.lang.reflect.Constructor.newInstance(Constructor.java:480)
	at org.openqa.selenium.remote.ErrorCodec.decode(ErrorCodec.java:167)
	at org.openqa.selenium.remote.codec.w3c.W3CHttpResponseCodec.decode(W3CHttpResponseCodec.java:138)
	at org.openqa.selenium.remote.codec.w3c.W3CHttpResponseCodec.decode(W3CHttpResponseCodec.java:50)
	at org.openqa.selenium.remote.HttpCommandExecutor.execute(HttpCommandExecutor.java:190)
	at org.openqa.selenium.remote.service.DriverCommandExecutor.invokeExecute(DriverCommandExecutor.java:216)
	at org.openqa.selenium.remote.service.DriverCommandExecutor.execute(DriverCommandExecutor.java:174)
	at org.openqa.selenium.remote.RemoteWebDriver.execute(RemoteWebDriver.java:518)
	at org.openqa.selenium.remote.ElementLocation$ElementFinder$2.findElement(ElementLocation.java:165)
	at org.openqa.selenium.remote.ElementLocation.findElement(ElementLocation.java:59)
	at org.openqa.selenium.remote.RemoteWebDriver.findElement(RemoteWebDriver.java:355)
	at org.openqa.selenium.remote.RemoteWebDriver.findElement(RemoteWebDriver.java:349)
	at pageObject.regularAccount_po.search_For_a_product_That_Does_Not_Exist(regularAccount_po.java:101)
	at ✽.Search for a product that does not exist(file:///C:/Users/lpmuchinski/Desktop/eclipse%20automation/src/test/resources/feature/regularAccount.feature:10)
]]>
</failure>
<system-out><![CDATA[
Given I am logged in as regular.............................................passed
Given On the Home tab.......................................................passed
When Search for a product that does not exist...............................failed
And Search..................................................................skipped
Then Show no results........................................................skipped
]]></system-out>
</testcase>
<testcase classname="Regular Account" name="02 Detail product" time="3.736">
<system-out><![CDATA[
Given I am logged in as regular.............................................passed
Given On the Home tab.......................................................passed
When Search for a product...................................................passed
And Detail the product......................................................passed
Then Product details must be visible........................................passed
]]></system-out>
</testcase>
<testcase classname="Regular Account" name="03: Clear shopping list" time="4.11">
<system-out><![CDATA[
Given I am logged in as regular.............................................passed
Given On the Home tab.......................................................passed
When Search for a product...................................................passed
And Click in Adicionar a lista..............................................passed
When Click in Limpar Lista..................................................passed
Then Message Seu carrinho está vazio must be visible........................passed
]]></system-out>
</testcase>
<testcase classname="Regular Account" name="04: Shopping cart" time="4.068">
<system-out><![CDATA[
Given I am logged in as regular.............................................passed
Given On the Home tab.......................................................passed
When Search for a product...................................................passed
And Click in Adicionar a lista..............................................passed
When Click in Adicionar no carrinho.........................................passed
Then The product must be in the shopping cart...............................passed
]]></system-out>
</testcase>
</testsuite>
